<?xml version="1.0" encoding="UTF-8"?>
<!-- Generated by org.testng.reporters.JUnitReportReporter -->
<testsuite skipped="0" hostname="DESKTOP-8JB3THL" name="com.inetbanking.testCases.TC_LoginTest_001" tests="1" failures="0" timestamp="05 Feb 2020 16:50:30 GMT" time="4.311" errors="0">
  <testcase name="loginTest" time="4.311" classname="com.inetbanking.testCases.TC_LoginTest_001"/>
</testsuite> <!-- com.inetbanking.testCases.TC_LoginTest_001 -->
