<?xml version="1.0" encoding="UTF-8"?>
<!-- Generated by org.testng.reporters.JUnitReportReporter -->
<testsuite skipped="0" hostname="DESKTOP-8JB3THL" name="com.inetbanking.testCases.TC_AddCustomerTest_003" tests="1" failures="0" timestamp="01 Feb 2020 16:59:58 GMT" time="20.933" errors="0">
  <testcase name="addNewCustomer" time="20.933" classname="com.inetbanking.testCases.TC_AddCustomerTest_003"/>
</testsuite> <!-- com.inetbanking.testCases.TC_AddCustomerTest_003 -->
